<?xml version="1.0" encoding="UTF-8"?>
<testng-results skipped="0" failed="0" total="1" passed="1">
  <reporter-output>
  </reporter-output>
  <suite name="Default suite" duration-ms="8406" started-at="2019-10-25T13:49:58Z" finished-at="2019-10-25T13:50:06Z">
    <groups>
    </groups>
    <test name="Default test" duration-ms="8406" started-at="2019-10-25T13:49:58Z" finished-at="2019-10-25T13:50:06Z">
      <class name="test.FocusAutoTest">
        <test-method status="PASS" signature="myTest()[pri:0, instance:test.FocusAutoTest@7ca48474]" name="myTest" duration-ms="8396" started-at="2019-10-25T07:49:58Z" finished-at="2019-10-25T07:50:06Z">
          <reporter-output>
          </reporter-output>
        </test-method> <!-- myTest -->
      </class> <!-- test.FocusAutoTest -->
    </test> <!-- Default test -->
  </suite> <!-- Default suite -->
</testng-results>
